This file contains any messages produced by compilers while
running configure, to aid debugging if configure makes a mistake.

It was created by FULL-PACKAGE-NAME configure VERSION, which was
generated by GNU Autoconf 2.69.  Invocation command line was

  $ ./configure --disable-static

## --------- ##
## Platform. ##
## --------- ##

hostname = mandel
uname -m = x86_64
uname -r = 3.19.0-31-generic
uname -s = Linux
uname -v = #36~14.04.1-Ubuntu SMP Thu Oct 8 10:21:08 UTC 2015

/usr/bin/uname -p = unknown
/bin/uname -X     = unknown

/bin/arch              = unknown
/usr/bin/arch -k       = unknown
/usr/convex/getsysinfo = unknown
/usr/bin/hostinfo      = unknown
/bin/machine           = unknown
/usr/bin/oslevel       = unknown
/bin/universe          = unknown

PATH: @abs_top_builddir@/bin
PATH: @abs_top_builddir@/scripts
PATH: @abs_top_builddir@/external/udis86-1.7/udcli
PATH: /opt/papi/bin
PATH: /home/ewoodruff/bitbucket/pebil/bin
PATH: /home/ewoodruff/bitbucket/pebil/scripts
PATH: /home/ewoodruff/bitbucket/pebil/external/udis86-1.7/udcli
PATH: /opt/gcc72/bin/
PATH: /opt/openmpi-gnu/bin/
PATH: /usr/local/sbin
PATH: /usr/local/bin
PATH: /usr/sbin
PATH: /usr/bin
PATH: /sbin
PATH: /bin
PATH: /usr/games
PATH: /usr/local/games
PATH: /usr/lib/jvm/java-8-oracle/bin
PATH: /usr/lib/jvm/java-8-oracle/db/bin
PATH: /usr/lib/jvm/java-8-oracle/jre/bin


## ----------- ##
## Core tests. ##
## ----------- ##

configure:2681: checking for g++
configure:2697: found /opt/gcc72/bin//g++
configure:2708: result: g++
configure:2735: checking for C++ compiler version
configure:2744: g++ --version >&5
g++ (GCC) 7.2.0
Copyright (C) 2017 Free Software Foundation, Inc.
This is free software; see the source for copying conditions.  There is NO
warranty; not even for MERCHANTABILITY or FITNESS FOR A PARTICULAR PURPOSE.

configure:2755: $? = 0
configure:2744: g++ -v >&5
Using built-in specs.
COLLECT_GCC=g++
COLLECT_LTO_WRAPPER=/opt/gcc72/libexec/gcc/x86_64-pc-linux-gnu/7.2.0/lto-wrapper
Target: x86_64-pc-linux-gnu
Configured with: ../gcc-7.2.0/configure --prefix=/opt/gcc72/ --enable-languages=c,c++,fortran,go
Thread model: posix
gcc version 7.2.0 (GCC) 
configure:2755: $? = 0
configure:2744: g++ -V >&5
g++: error: unrecognized command line option '-V'
g++: fatal error: no input files
compilation terminated.
configure:2755: $? = 1
configure:2744: g++ -qversion >&5
g++: error: unrecognized command line option '-qversion'; did you mean '--version'?
g++: fatal error: no input files
compilation terminated.
configure:2755: $? = 1
configure:2775: checking whether the C++ compiler works
configure:2797: g++    conftest.cpp  >&5
configure:2801: $? = 0
configure:2849: result: yes
configure:2852: checking for C++ compiler default output file name
configure:2854: result: a.out
configure:2860: checking for suffix of executables
configure:2867: g++ -o conftest    conftest.cpp  >&5
configure:2871: $? = 0
configure:2893: result: 
configure:2915: checking whether we are cross compiling
configure:2923: g++ -o conftest    conftest.cpp  >&5
configure:2927: $? = 0
configure:2934: ./conftest
configure:2938: $? = 0
configure:2953: result: no
configure:2958: checking for suffix of object files
configure:2980: g++ -c   conftest.cpp >&5
configure:2984: $? = 0
configure:3005: result: o
configure:3009: checking whether we are using the GNU C++ compiler
configure:3028: g++ -c   conftest.cpp >&5
configure:3028: $? = 0
configure:3037: result: yes
configure:3046: checking whether g++ accepts -g
configure:3066: g++ -c -g  conftest.cpp >&5
configure:3066: $? = 0
configure:3107: result: yes
configure:3178: checking for gcc
configure:3194: found /opt/gcc72/bin//gcc
configure:3205: result: gcc
configure:3434: checking for C compiler version
configure:3443: gcc --version >&5
gcc (GCC) 7.2.0
Copyright (C) 2017 Free Software Foundation, Inc.
This is free software; see the source for copying conditions.  There is NO
warranty; not even for MERCHANTABILITY or FITNESS FOR A PARTICULAR PURPOSE.

configure:3454: $? = 0
configure:3443: gcc -v >&5
Using built-in specs.
COLLECT_GCC=gcc
COLLECT_LTO_WRAPPER=/opt/gcc72/libexec/gcc/x86_64-pc-linux-gnu/7.2.0/lto-wrapper
Target: x86_64-pc-linux-gnu
Configured with: ../gcc-7.2.0/configure --prefix=/opt/gcc72/ --enable-languages=c,c++,fortran,go
Thread model: posix
gcc version 7.2.0 (GCC) 
configure:3454: $? = 0
configure:3443: gcc -V >&5
gcc: error: unrecognized command line option '-V'
gcc: fatal error: no input files
compilation terminated.
configure:3454: $? = 1
configure:3443: gcc -qversion >&5
gcc: error: unrecognized command line option '-qversion'; did you mean '--version'?
gcc: fatal error: no input files
compilation terminated.
configure:3454: $? = 1
configure:3458: checking whether we are using the GNU C compiler
configure:3477: gcc -c   conftest.c >&5
configure:3477: $? = 0
configure:3486: result: yes
configure:3495: checking whether gcc accepts -g
configure:3515: gcc -c -g  conftest.c >&5
configure:3515: $? = 0
configure:3556: result: yes
configure:3573: checking for gcc option to accept ISO C89
configure:3636: gcc  -c -g -O2  conftest.c >&5
configure:3636: $? = 0
configure:3649: result: none needed
configure:3722: checking for gfortran
configure:3738: found /opt/gcc72/bin//gfortran
configure:3749: result: gfortran
configure:3775: checking for Fortran compiler version
configure:3784: gfortran --version >&5
GNU Fortran (GCC) 7.2.0
Copyright (C) 2017 Free Software Foundation, Inc.
This is free software; see the source for copying conditions.  There is NO
warranty; not even for MERCHANTABILITY or FITNESS FOR A PARTICULAR PURPOSE.

configure:3795: $? = 0
configure:3784: gfortran -v >&5
Using built-in specs.
COLLECT_GCC=gfortran
COLLECT_LTO_WRAPPER=/opt/gcc72/libexec/gcc/x86_64-pc-linux-gnu/7.2.0/lto-wrapper
Target: x86_64-pc-linux-gnu
Configured with: ../gcc-7.2.0/configure --prefix=/opt/gcc72/ --enable-languages=c,c++,fortran,go
Thread model: posix
gcc version 7.2.0 (GCC) 
configure:3795: $? = 0
configure:3784: gfortran -V >&5
gfortran: error: unrecognized command line option '-V'
gfortran: fatal error: no input files
compilation terminated.
configure:3795: $? = 1
configure:3784: gfortran -qversion >&5
gfortran: error: unrecognized command line option '-qversion'; did you mean '--version'?
gfortran: fatal error: no input files
compilation terminated.
configure:3795: $? = 1
configure:3804: checking whether we are using the GNU Fortran compiler
configure:3817: gfortran -c   conftest.F >&5
configure:3817: $? = 0
configure:3826: result: yes
configure:3832: checking whether gfortran accepts -g
configure:3843: gfortran -c -g  conftest.f >&5
configure:3843: $? = 0
configure:3851: result: yes
configure:3885: checking how to run the C preprocessor
configure:3916: gcc -E  conftest.c
configure:3916: $? = 0
configure:3930: gcc -E  conftest.c
conftest.c:9:10: fatal error: ac_nonexistent.h: No such file or directory
 #include <ac_nonexistent.h>
          ^~~~~~~~~~~~~~~~~~
compilation terminated.
configure:3930: $? = 1
configure: failed program was:
| /* confdefs.h */
| #define PACKAGE_NAME "FULL-PACKAGE-NAME"
| #define PACKAGE_TARNAME "full-package-name"
| #define PACKAGE_VERSION "VERSION"
| #define PACKAGE_STRING "FULL-PACKAGE-NAME VERSION"
| #define PACKAGE_BUGREPORT "BUG-REPORT-ADDRESS"
| #define PACKAGE_URL ""
| /* end confdefs.h.  */
| #include <ac_nonexistent.h>
configure:3955: result: gcc -E
configure:3975: gcc -E  conftest.c
configure:3975: $? = 0
configure:3989: gcc -E  conftest.c
conftest.c:9:10: fatal error: ac_nonexistent.h: No such file or directory
 #include <ac_nonexistent.h>
          ^~~~~~~~~~~~~~~~~~
compilation terminated.
configure:3989: $? = 1
configure: failed program was:
| /* confdefs.h */
| #define PACKAGE_NAME "FULL-PACKAGE-NAME"
| #define PACKAGE_TARNAME "full-package-name"
| #define PACKAGE_VERSION "VERSION"
| #define PACKAGE_STRING "FULL-PACKAGE-NAME VERSION"
| #define PACKAGE_BUGREPORT "BUG-REPORT-ADDRESS"
| #define PACKAGE_URL ""
| /* end confdefs.h.  */
| #include <ac_nonexistent.h>
configure:4045: checking for mpicc
configure:4061: found /opt/openmpi-gnu/bin//mpicc
configure:4072: result: mpicc
configure:4090: checking for MPI_Init
configure:4090: mpicc -o conftest -g -O2   conftest.c  >&5
configure:4090: $? = 0
configure:4090: result: yes
configure:4183: checking for mpi.h
configure:4196: mpicc -c -g -O2  conftest.c >&5
configure:4196: $? = 0
configure:4197: result: yes
configure:4237: checking for mpif90
configure:4253: found /opt/openmpi-gnu/bin//mpif90
configure:4264: result: mpif90
configure:4458: checking for mpic++
configure:4474: found /opt/openmpi-gnu/bin//mpic++
configure:4485: result: mpic++
configure:4596: checking for mpi.h
configure:4609: mpic++ -c -g -O2  conftest.cpp >&5
In file included from /opt/openmpi-gnu/include/mpi.h:253:0,
                 from conftest.cpp:11:
/opt/openmpi-gnu/include/mpi_portable_platform.h:374:34: warning: invalid suffix on literal; C++11 requires a space between literal and string macro [-Wliteral-suffix]
              _STRINGIFY(__GNUC__)"."_STRINGIFY(__GNUC_MINOR__)"."_STRINGIFY(__GNUC_PATCHLEVEL__)
                                  ^
/opt/openmpi-gnu/include/mpi_portable_platform.h:374:63: warning: invalid suffix on literal; C++11 requires a space between literal and string macro [-Wliteral-suffix]
              _STRINGIFY(__GNUC__)"."_STRINGIFY(__GNUC_MINOR__)"."_STRINGIFY(__GNUC_PATCHLEVEL__)
                                                               ^
configure:4609: $? = 0
configure:4610: result: yes
configure:4647: checking if g++ supports C++0x features without additional flags
configure:4671: mpic++ -c -g -O2  conftest.cpp >&5
configure:4671: $? = 0
configure:4685: result: yes
configure:4688: checking if g++ supports C++0x features with -std=c++0x
configure:4714: mpic++ -c -g -O2 -std=c++0x  conftest.cpp >&5
configure:4714: $? = 0
configure:4729: result: yes
configure:4732: checking if g++ supports C++0x features with -std=gnu++0x
configure:4758: mpic++ -c -g -O2 -std=gnu++0x  conftest.cpp >&5
configure:4758: $? = 0
configure:4773: result: yes
configure:4785: checking for unordered_map
configure:4811: mpic++ -c -g -O2 -std=gnu++0x  conftest.cpp >&5
configure:4811: $? = 0
configure:4826: result: yes
configure:4849: checking if g++ supports C++0x features without additional flags
configure:4887: result: yes
configure:4890: checking if g++ supports C++0x features with -std=c++0x
configure:4931: result: yes
configure:4934: checking if g++ supports C++0x features with -std=gnu++0x
configure:4975: result: yes
configure:4987: checking for unordered_map
configure:5028: result: yes
configure:5077: checking for grep that handles long lines and -e
configure:5135: result: /bin/grep
configure:5140: checking for egrep
configure:5202: result: /bin/grep -E
configure:5207: checking for ANSI C header files
configure:5227: gcc -c -g -O2  conftest.c >&5
configure:5227: $? = 0
configure:5300: gcc -o conftest -g -O2   conftest.c  >&5
configure:5300: $? = 0
configure:5300: ./conftest
configure:5300: $? = 0
configure:5311: result: yes
configure:5324: checking for sys/types.h
configure:5324: gcc -c -g -O2  conftest.c >&5
configure:5324: $? = 0
configure:5324: result: yes
configure:5324: checking for sys/stat.h
configure:5324: gcc -c -g -O2  conftest.c >&5
configure:5324: $? = 0
configure:5324: result: yes
configure:5324: checking for stdlib.h
configure:5324: gcc -c -g -O2  conftest.c >&5
configure:5324: $? = 0
configure:5324: result: yes
configure:5324: checking for string.h
configure:5324: gcc -c -g -O2  conftest.c >&5
configure:5324: $? = 0
configure:5324: result: yes
configure:5324: checking for memory.h
configure:5324: gcc -c -g -O2  conftest.c >&5
configure:5324: $? = 0
configure:5324: result: yes
configure:5324: checking for strings.h
configure:5324: gcc -c -g -O2  conftest.c >&5
configure:5324: $? = 0
configure:5324: result: yes
configure:5324: checking for inttypes.h
configure:5324: gcc -c -g -O2  conftest.c >&5
configure:5324: $? = 0
configure:5324: result: yes
configure:5324: checking for stdint.h
configure:5324: gcc -c -g -O2  conftest.c >&5
configure:5324: $? = 0
configure:5324: result: yes
configure:5324: checking for unistd.h
configure:5324: gcc -c -g -O2  conftest.c >&5
configure:5324: $? = 0
configure:5324: result: yes
configure:5338: checking adm.h usability
configure:5338: gcc -c -g -O2  conftest.c >&5
conftest.c:59:10: fatal error: adm.h: No such file or directory
 #include <adm.h>
          ^~~~~~~
compilation terminated.
configure:5338: $? = 1
configure: failed program was:
| /* confdefs.h */
| #define PACKAGE_NAME "FULL-PACKAGE-NAME"
| #define PACKAGE_TARNAME "full-package-name"
| #define PACKAGE_VERSION "VERSION"
| #define PACKAGE_STRING "FULL-PACKAGE-NAME VERSION"
| #define PACKAGE_BUGREPORT "BUG-REPORT-ADDRESS"
| #define PACKAGE_URL ""
| #define HAVE_MPI 1
| #define HAVE_MPI 1
| #define HAVE_MPI 1
| #define HAVE_STDCXX_0X /**/
| #define HAVE_UNORDERED_MAP /**/
| #define HAVE_STDCXX_0X /**/
| #define HAVE_UNORDERED_MAP /**/
| #define STDC_HEADERS 1
| #define HAVE_SYS_TYPES_H 1
| #define HAVE_SYS_STAT_H 1
| #define HAVE_STDLIB_H 1
| #define HAVE_STRING_H 1
| #define HAVE_MEMORY_H 1
| #define HAVE_STRINGS_H 1
| #define HAVE_INTTYPES_H 1
| #define HAVE_STDINT_H 1
| #define HAVE_UNISTD_H 1
| /* end confdefs.h.  */
| #include <stdio.h>
| #ifdef HAVE_SYS_TYPES_H
| # include <sys/types.h>
| #endif
| #ifdef HAVE_SYS_STAT_H
| # include <sys/stat.h>
| #endif
| #ifdef STDC_HEADERS
| # include <stdlib.h>
| # include <stddef.h>
| #else
| # ifdef HAVE_STDLIB_H
| #  include <stdlib.h>
| # endif
| #endif
| #ifdef HAVE_STRING_H
| # if !defined STDC_HEADERS && defined HAVE_MEMORY_H
| #  include <memory.h>
| # endif
| # include <string.h>
| #endif
| #ifdef HAVE_STRINGS_H
| # include <strings.h>
| #endif
| #ifdef HAVE_INTTYPES_H
| # include <inttypes.h>
| #endif
| #ifdef HAVE_STDINT_H
| # include <stdint.h>
| #endif
| #ifdef HAVE_UNISTD_H
| # include <unistd.h>
| #endif
| #include <adm.h>
configure:5338: result: no
configure:5338: checking adm.h presence
configure:5338: gcc -E  conftest.c
conftest.c:26:10: fatal error: adm.h: No such file or directory
 #include <adm.h>
          ^~~~~~~
compilation terminated.
configure:5338: $? = 1
configure: failed program was:
| /* confdefs.h */
| #define PACKAGE_NAME "FULL-PACKAGE-NAME"
| #define PACKAGE_TARNAME "full-package-name"
| #define PACKAGE_VERSION "VERSION"
| #define PACKAGE_STRING "FULL-PACKAGE-NAME VERSION"
| #define PACKAGE_BUGREPORT "BUG-REPORT-ADDRESS"
| #define PACKAGE_URL ""
| #define HAVE_MPI 1
| #define HAVE_MPI 1
| #define HAVE_MPI 1
| #define HAVE_STDCXX_0X /**/
| #define HAVE_UNORDERED_MAP /**/
| #define HAVE_STDCXX_0X /**/
| #define HAVE_UNORDERED_MAP /**/
| #define STDC_HEADERS 1
| #define HAVE_SYS_TYPES_H 1
| #define HAVE_SYS_STAT_H 1
| #define HAVE_STDLIB_H 1
| #define HAVE_STRING_H 1
| #define HAVE_MEMORY_H 1
| #define HAVE_STRINGS_H 1
| #define HAVE_INTTYPES_H 1
| #define HAVE_STDINT_H 1
| #define HAVE_UNISTD_H 1
| /* end confdefs.h.  */
| #include <adm.h>
configure:5338: result: no
configure:5338: checking for adm.h
configure:5338: result: no
configure:5409: checking for stdint.h
configure:5409: result: yes
configure:5409: checking for stdlib.h
configure:5409: result: yes
configure:5409: checking for string.h
configure:5409: result: yes
configure:5409: checking for strings.h
configure:5409: result: yes
configure:5409: checking for unistd.h
configure:5409: result: yes
configure:5421: checking cpufreq.h usability
configure:5421: gcc -c -g -O2  conftest.c >&5
conftest.c:64:10: fatal error: cpufreq.h: No such file or directory
 #include <cpufreq.h>
          ^~~~~~~~~~~
compilation terminated.
configure:5421: $? = 1
configure: failed program was:
| /* confdefs.h */
| #define PACKAGE_NAME "FULL-PACKAGE-NAME"
| #define PACKAGE_TARNAME "full-package-name"
| #define PACKAGE_VERSION "VERSION"
| #define PACKAGE_STRING "FULL-PACKAGE-NAME VERSION"
| #define PACKAGE_BUGREPORT "BUG-REPORT-ADDRESS"
| #define PACKAGE_URL ""
| #define HAVE_MPI 1
| #define HAVE_MPI 1
| #define HAVE_MPI 1
| #define HAVE_STDCXX_0X /**/
| #define HAVE_UNORDERED_MAP /**/
| #define HAVE_STDCXX_0X /**/
| #define HAVE_UNORDERED_MAP /**/
| #define STDC_HEADERS 1
| #define HAVE_SYS_TYPES_H 1
| #define HAVE_SYS_STAT_H 1
| #define HAVE_STDLIB_H 1
| #define HAVE_STRING_H 1
| #define HAVE_MEMORY_H 1
| #define HAVE_STRINGS_H 1
| #define HAVE_INTTYPES_H 1
| #define HAVE_STDINT_H 1
| #define HAVE_UNISTD_H 1
| #define HAVE_STDINT_H 1
| #define HAVE_STDLIB_H 1
| #define HAVE_STRING_H 1
| #define HAVE_STRINGS_H 1
| #define HAVE_UNISTD_H 1
| /* end confdefs.h.  */
| #include <stdio.h>
| #ifdef HAVE_SYS_TYPES_H
| # include <sys/types.h>
| #endif
| #ifdef HAVE_SYS_STAT_H
| # include <sys/stat.h>
| #endif
| #ifdef STDC_HEADERS
| # include <stdlib.h>
| # include <stddef.h>
| #else
| # ifdef HAVE_STDLIB_H
| #  include <stdlib.h>
| # endif
| #endif
| #ifdef HAVE_STRING_H
| # if !defined STDC_HEADERS && defined HAVE_MEMORY_H
| #  include <memory.h>
| # endif
| # include <string.h>
| #endif
| #ifdef HAVE_STRINGS_H
| # include <strings.h>
| #endif
| #ifdef HAVE_INTTYPES_H
| # include <inttypes.h>
| #endif
| #ifdef HAVE_STDINT_H
| # include <stdint.h>
| #endif
| #ifdef HAVE_UNISTD_H
| # include <unistd.h>
| #endif
| #include <cpufreq.h>
configure:5421: result: no
configure:5421: checking cpufreq.h presence
configure:5421: gcc -E  conftest.c
conftest.c:31:10: fatal error: cpufreq.h: No such file or directory
 #include <cpufreq.h>
          ^~~~~~~~~~~
compilation terminated.
configure:5421: $? = 1
configure: failed program was:
| /* confdefs.h */
| #define PACKAGE_NAME "FULL-PACKAGE-NAME"
| #define PACKAGE_TARNAME "full-package-name"
| #define PACKAGE_VERSION "VERSION"
| #define PACKAGE_STRING "FULL-PACKAGE-NAME VERSION"
| #define PACKAGE_BUGREPORT "BUG-REPORT-ADDRESS"
| #define PACKAGE_URL ""
| #define HAVE_MPI 1
| #define HAVE_MPI 1
| #define HAVE_MPI 1
| #define HAVE_STDCXX_0X /**/
| #define HAVE_UNORDERED_MAP /**/
| #define HAVE_STDCXX_0X /**/
| #define HAVE_UNORDERED_MAP /**/
| #define STDC_HEADERS 1
| #define HAVE_SYS_TYPES_H 1
| #define HAVE_SYS_STAT_H 1
| #define HAVE_STDLIB_H 1
| #define HAVE_STRING_H 1
| #define HAVE_MEMORY_H 1
| #define HAVE_STRINGS_H 1
| #define HAVE_INTTYPES_H 1
| #define HAVE_STDINT_H 1
| #define HAVE_UNISTD_H 1
| #define HAVE_STDINT_H 1
| #define HAVE_STDLIB_H 1
| #define HAVE_STRING_H 1
| #define HAVE_STRINGS_H 1
| #define HAVE_UNISTD_H 1
| /* end confdefs.h.  */
| #include <cpufreq.h>
configure:5421: result: no
configure:5421: checking for cpufreq.h
configure:5421: result: no
configure:5434: checking for stdbool.h that conforms to C99
configure:5501: gcc -c -g -O2  conftest.c >&5
configure:5501: $? = 0
configure:5508: result: yes
configure:5510: checking for _Bool
configure:5510: gcc -c -g -O2  conftest.c >&5
configure:5510: $? = 0
configure:5510: gcc -c -g -O2  conftest.c >&5
conftest.c: In function 'main':
conftest.c:67:20: error: expected expression before ')' token
 if (sizeof ((_Bool)))
                    ^
configure:5510: $? = 1
configure: failed program was:
| /* confdefs.h */
| #define PACKAGE_NAME "FULL-PACKAGE-NAME"
| #define PACKAGE_TARNAME "full-package-name"
| #define PACKAGE_VERSION "VERSION"
| #define PACKAGE_STRING "FULL-PACKAGE-NAME VERSION"
| #define PACKAGE_BUGREPORT "BUG-REPORT-ADDRESS"
| #define PACKAGE_URL ""
| #define HAVE_MPI 1
| #define HAVE_MPI 1
| #define HAVE_MPI 1
| #define HAVE_STDCXX_0X /**/
| #define HAVE_UNORDERED_MAP /**/
| #define HAVE_STDCXX_0X /**/
| #define HAVE_UNORDERED_MAP /**/
| #define STDC_HEADERS 1
| #define HAVE_SYS_TYPES_H 1
| #define HAVE_SYS_STAT_H 1
| #define HAVE_STDLIB_H 1
| #define HAVE_STRING_H 1
| #define HAVE_MEMORY_H 1
| #define HAVE_STRINGS_H 1
| #define HAVE_INTTYPES_H 1
| #define HAVE_STDINT_H 1
| #define HAVE_UNISTD_H 1
| #define HAVE_STDINT_H 1
| #define HAVE_STDLIB_H 1
| #define HAVE_STRING_H 1
| #define HAVE_STRINGS_H 1
| #define HAVE_UNISTD_H 1
| /* end confdefs.h.  */
| #include <stdio.h>
| #ifdef HAVE_SYS_TYPES_H
| # include <sys/types.h>
| #endif
| #ifdef HAVE_SYS_STAT_H
| # include <sys/stat.h>
| #endif
| #ifdef STDC_HEADERS
| # include <stdlib.h>
| # include <stddef.h>
| #else
| # ifdef HAVE_STDLIB_H
| #  include <stdlib.h>
| # endif
| #endif
| #ifdef HAVE_STRING_H
| # if !defined STDC_HEADERS && defined HAVE_MEMORY_H
| #  include <memory.h>
| # endif
| # include <string.h>
| #endif
| #ifdef HAVE_STRINGS_H
| # include <strings.h>
| #endif
| #ifdef HAVE_INTTYPES_H
| # include <inttypes.h>
| #endif
| #ifdef HAVE_STDINT_H
| # include <stdint.h>
| #endif
| #ifdef HAVE_UNISTD_H
| # include <unistd.h>
| #endif
| int
| main ()
| {
| if (sizeof ((_Bool)))
| 	    return 0;
|   ;
|   return 0;
| }
configure:5510: result: yes
configure:5527: checking for inline
configure:5543: gcc -c -g -O2  conftest.c >&5
configure:5543: $? = 0
configure:5551: result: inline
configure:5569: checking for int32_t
configure:5569: gcc -c -g -O2  conftest.c >&5
configure:5569: $? = 0
configure:5569: gcc -c -g -O2  conftest.c >&5
conftest.c: In function 'main':
conftest.c:71:53: warning: integer overflow in expression [-Woverflow]
    < (int32_t) (((((int32_t) 1 << N) << N) - 1) * 2 + 2))];
                                                     ^
conftest.c:70:12: error: storage size of 'test_array' isn't constant
 static int test_array [1 - 2 * !((int32_t) (((((int32_t) 1 << N) << N) - 1) * 2 + 1)
            ^~~~~~~~~~
configure:5569: $? = 1
configure: failed program was:
| /* confdefs.h */
| #define PACKAGE_NAME "FULL-PACKAGE-NAME"
| #define PACKAGE_TARNAME "full-package-name"
| #define PACKAGE_VERSION "VERSION"
| #define PACKAGE_STRING "FULL-PACKAGE-NAME VERSION"
| #define PACKAGE_BUGREPORT "BUG-REPORT-ADDRESS"
| #define PACKAGE_URL ""
| #define HAVE_MPI 1
| #define HAVE_MPI 1
| #define HAVE_MPI 1
| #define HAVE_STDCXX_0X /**/
| #define HAVE_UNORDERED_MAP /**/
| #define HAVE_STDCXX_0X /**/
| #define HAVE_UNORDERED_MAP /**/
| #define STDC_HEADERS 1
| #define HAVE_SYS_TYPES_H 1
| #define HAVE_SYS_STAT_H 1
| #define HAVE_STDLIB_H 1
| #define HAVE_STRING_H 1
| #define HAVE_MEMORY_H 1
| #define HAVE_STRINGS_H 1
| #define HAVE_INTTYPES_H 1
| #define HAVE_STDINT_H 1
| #define HAVE_UNISTD_H 1
| #define HAVE_STDINT_H 1
| #define HAVE_STDLIB_H 1
| #define HAVE_STRING_H 1
| #define HAVE_STRINGS_H 1
| #define HAVE_UNISTD_H 1
| #define HAVE__BOOL 1
| #define HAVE_STDBOOL_H 1
| /* end confdefs.h.  */
| #include <stdio.h>
| #ifdef HAVE_SYS_TYPES_H
| # include <sys/types.h>
| #endif
| #ifdef HAVE_SYS_STAT_H
| # include <sys/stat.h>
| #endif
| #ifdef STDC_HEADERS
| # include <stdlib.h>
| # include <stddef.h>
| #else
| # ifdef HAVE_STDLIB_H
| #  include <stdlib.h>
| # endif
| #endif
| #ifdef HAVE_STRING_H
| # if !defined STDC_HEADERS && defined HAVE_MEMORY_H
| #  include <memory.h>
| # endif
| # include <string.h>
| #endif
| #ifdef HAVE_STRINGS_H
| # include <strings.h>
| #endif
| #ifdef HAVE_INTTYPES_H
| # include <inttypes.h>
| #endif
| #ifdef HAVE_STDINT_H
| # include <stdint.h>
| #endif
| #ifdef HAVE_UNISTD_H
| # include <unistd.h>
| #endif
| 	        enum { N = 32 / 2 - 1 };
| int
| main ()
| {
| static int test_array [1 - 2 * !((int32_t) (((((int32_t) 1 << N) << N) - 1) * 2 + 1)
| 		 < (int32_t) (((((int32_t) 1 << N) << N) - 1) * 2 + 2))];
| test_array [0] = 0;
| return test_array [0];
| 
|   ;
|   return 0;
| }
configure:5569: result: yes
configure:5580: checking for int64_t
configure:5580: gcc -c -g -O2  conftest.c >&5
configure:5580: $? = 0
configure:5580: gcc -c -g -O2  conftest.c >&5
conftest.c: In function 'main':
conftest.c:71:53: warning: integer overflow in expression [-Woverflow]
    < (int64_t) (((((int64_t) 1 << N) << N) - 1) * 2 + 2))];
                                                     ^
conftest.c:70:12: error: storage size of 'test_array' isn't constant
 static int test_array [1 - 2 * !((int64_t) (((((int64_t) 1 << N) << N) - 1) * 2 + 1)
            ^~~~~~~~~~
configure:5580: $? = 1
configure: failed program was:
| /* confdefs.h */
| #define PACKAGE_NAME "FULL-PACKAGE-NAME"
| #define PACKAGE_TARNAME "full-package-name"
| #define PACKAGE_VERSION "VERSION"
| #define PACKAGE_STRING "FULL-PACKAGE-NAME VERSION"
| #define PACKAGE_BUGREPORT "BUG-REPORT-ADDRESS"
| #define PACKAGE_URL ""
| #define HAVE_MPI 1
| #define HAVE_MPI 1
| #define HAVE_MPI 1
| #define HAVE_STDCXX_0X /**/
| #define HAVE_UNORDERED_MAP /**/
| #define HAVE_STDCXX_0X /**/
| #define HAVE_UNORDERED_MAP /**/
| #define STDC_HEADERS 1
| #define HAVE_SYS_TYPES_H 1
| #define HAVE_SYS_STAT_H 1
| #define HAVE_STDLIB_H 1
| #define HAVE_STRING_H 1
| #define HAVE_MEMORY_H 1
| #define HAVE_STRINGS_H 1
| #define HAVE_INTTYPES_H 1
| #define HAVE_STDINT_H 1
| #define HAVE_UNISTD_H 1
| #define HAVE_STDINT_H 1
| #define HAVE_STDLIB_H 1
| #define HAVE_STRING_H 1
| #define HAVE_STRINGS_H 1
| #define HAVE_UNISTD_H 1
| #define HAVE__BOOL 1
| #define HAVE_STDBOOL_H 1
| /* end confdefs.h.  */
| #include <stdio.h>
| #ifdef HAVE_SYS_TYPES_H
| # include <sys/types.h>
| #endif
| #ifdef HAVE_SYS_STAT_H
| # include <sys/stat.h>
| #endif
| #ifdef STDC_HEADERS
| # include <stdlib.h>
| # include <stddef.h>
| #else
| # ifdef HAVE_STDLIB_H
| #  include <stdlib.h>
| # endif
| #endif
| #ifdef HAVE_STRING_H
| # if !defined STDC_HEADERS && defined HAVE_MEMORY_H
| #  include <memory.h>
| # endif
| # include <string.h>
| #endif
| #ifdef HAVE_STRINGS_H
| # include <strings.h>
| #endif
| #ifdef HAVE_INTTYPES_H
| # include <inttypes.h>
| #endif
| #ifdef HAVE_STDINT_H
| # include <stdint.h>
| #endif
| #ifdef HAVE_UNISTD_H
| # include <unistd.h>
| #endif
| 	        enum { N = 64 / 2 - 1 };
| int
| main ()
| {
| static int test_array [1 - 2 * !((int64_t) (((((int64_t) 1 << N) << N) - 1) * 2 + 1)
| 		 < (int64_t) (((((int64_t) 1 << N) << N) - 1) * 2 + 2))];
| test_array [0] = 0;
| return test_array [0];
| 
|   ;
|   return 0;
| }
configure:5580: result: yes
configure:5591: checking for size_t
configure:5591: gcc -c -g -O2  conftest.c >&5
configure:5591: $? = 0
configure:5591: gcc -c -g -O2  conftest.c >&5
conftest.c: In function 'main':
conftest.c:69:21: error: expected expression before ')' token
 if (sizeof ((size_t)))
                     ^
configure:5591: $? = 1
configure: failed program was:
| /* confdefs.h */
| #define PACKAGE_NAME "FULL-PACKAGE-NAME"
| #define PACKAGE_TARNAME "full-package-name"
| #define PACKAGE_VERSION "VERSION"
| #define PACKAGE_STRING "FULL-PACKAGE-NAME VERSION"
| #define PACKAGE_BUGREPORT "BUG-REPORT-ADDRESS"
| #define PACKAGE_URL ""
| #define HAVE_MPI 1
| #define HAVE_MPI 1
| #define HAVE_MPI 1
| #define HAVE_STDCXX_0X /**/
| #define HAVE_UNORDERED_MAP /**/
| #define HAVE_STDCXX_0X /**/
| #define HAVE_UNORDERED_MAP /**/
| #define STDC_HEADERS 1
| #define HAVE_SYS_TYPES_H 1
| #define HAVE_SYS_STAT_H 1
| #define HAVE_STDLIB_H 1
| #define HAVE_STRING_H 1
| #define HAVE_MEMORY_H 1
| #define HAVE_STRINGS_H 1
| #define HAVE_INTTYPES_H 1
| #define HAVE_STDINT_H 1
| #define HAVE_UNISTD_H 1
| #define HAVE_STDINT_H 1
| #define HAVE_STDLIB_H 1
| #define HAVE_STRING_H 1
| #define HAVE_STRINGS_H 1
| #define HAVE_UNISTD_H 1
| #define HAVE__BOOL 1
| #define HAVE_STDBOOL_H 1
| /* end confdefs.h.  */
| #include <stdio.h>
| #ifdef HAVE_SYS_TYPES_H
| # include <sys/types.h>
| #endif
| #ifdef HAVE_SYS_STAT_H
| # include <sys/stat.h>
| #endif
| #ifdef STDC_HEADERS
| # include <stdlib.h>
| # include <stddef.h>
| #else
| # ifdef HAVE_STDLIB_H
| #  include <stdlib.h>
| # endif
| #endif
| #ifdef HAVE_STRING_H
| # if !defined STDC_HEADERS && defined HAVE_MEMORY_H
| #  include <memory.h>
| # endif
| # include <string.h>
| #endif
| #ifdef HAVE_STRINGS_H
| # include <strings.h>
| #endif
| #ifdef HAVE_INTTYPES_H
| # include <inttypes.h>
| #endif
| #ifdef HAVE_STDINT_H
| # include <stdint.h>
| #endif
| #ifdef HAVE_UNISTD_H
| # include <unistd.h>
| #endif
| int
| main ()
| {
| if (sizeof ((size_t)))
| 	    return 0;
|   ;
|   return 0;
| }
configure:5591: result: yes
configure:5602: checking for uint16_t
configure:5602: gcc -c -g -O2  conftest.c >&5
configure:5602: $? = 0
configure:5602: result: yes
configure:5614: checking for uint32_t
configure:5614: gcc -c -g -O2  conftest.c >&5
configure:5614: $? = 0
configure:5614: result: yes
configure:5628: checking for uint64_t
configure:5628: gcc -c -g -O2  conftest.c >&5
configure:5628: $? = 0
configure:5628: result: yes
configure:5642: checking for uint8_t
configure:5642: gcc -c -g -O2  conftest.c >&5
configure:5642: $? = 0
configure:5642: result: yes
configure:5660: checking for stdlib.h
configure:5660: result: yes
configure:5670: checking for GNU libc compatible malloc
configure:5694: gcc -o conftest -g -O2   conftest.c  >&5
configure:5694: $? = 0
configure:5694: ./conftest
configure:5694: $? = 0
configure:5704: result: yes
configure:5728: checking for bzero
configure:5728: gcc -o conftest -g -O2   conftest.c  >&5
conftest.c:58:6: warning: conflicting types for built-in function 'bzero' [-Wbuiltin-declaration-mismatch]
 char bzero ();
      ^~~~~
configure:5728: $? = 0
configure:5728: result: yes
configure:5728: checking for memset
configure:5728: gcc -o conftest -g -O2   conftest.c  >&5
conftest.c:59:6: warning: conflicting types for built-in function 'memset' [-Wbuiltin-declaration-mismatch]
 char memset ();
      ^~~~~~
configure:5728: $? = 0
configure:5728: result: yes
configure:5927: creating ./config.status

## ---------------------- ##
## Running config.status. ##
## ---------------------- ##

This file was extended by FULL-PACKAGE-NAME config.status VERSION, which was
generated by GNU Autoconf 2.69.  Invocation command line was

  CONFIG_FILES    = 
  CONFIG_HEADERS  = 
  CONFIG_LINKS    = 
  CONFIG_COMMANDS = 
  $ ./config.status 

on mandel

config.status:754: creating Makefile
config.status:754: creating src/Makefile
config.status:754: creating tools/Makefile
config.status:754: creating testapps/Makefile
config.status:754: creating testapps/apps/Makefile
config.status:754: creating testapps/toys/Makefile
config.status:754: creating instcode/Makefile
config.status:754: creating scripts/blacklist.sh
config.status:754: creating cshrc
config.status:754: creating bashrc
configure:7007: === configuring in external/udis86-1.7 (/home/ewoodruff/bitbucket/pebil/external/udis86-1.7)
configure:7070: running /bin/bash ./configure --disable-option-checking '--prefix=/usr/local'  '--disable-static' --cache-file=/dev/null --srcdir=.
configure:7007: === configuring in external/ReuseDistance (/home/ewoodruff/bitbucket/pebil/external/ReuseDistance)
configure:7070: running /bin/bash ./configure --disable-option-checking '--prefix=/usr/local'  '--disable-static' --cache-file=/dev/null --srcdir=.
configure:7007: === configuring in external/ReuseDistanceForMIC (/home/ewoodruff/bitbucket/pebil/external/ReuseDistanceForMIC)
configure:7070: running /bin/bash ./configure --disable-option-checking '--prefix=/usr/local'  '--disable-static' --cache-file=/dev/null --srcdir=.

## ---------------- ##
## Cache variables. ##
## ---------------- ##

ac_cv_c_compiler_gnu=yes
ac_cv_c_inline=inline
ac_cv_c_int32_t=yes
ac_cv_c_int64_t=yes
ac_cv_c_uint16_t=yes
ac_cv_c_uint32_t=yes
ac_cv_c_uint64_t=yes
ac_cv_c_uint8_t=yes
ac_cv_cxx_compile_cxx0x_cxx=yes
ac_cv_cxx_compile_cxx0x_gxx=yes
ac_cv_cxx_compile_cxx0x_native=yes
ac_cv_cxx_compiler_gnu=yes
ac_cv_env_CCC_set=
ac_cv_env_CCC_value=
ac_cv_env_CC_set=
ac_cv_env_CC_value=
ac_cv_env_CFLAGS_set=
ac_cv_env_CFLAGS_value=
ac_cv_env_CPPFLAGS_set=
ac_cv_env_CPPFLAGS_value=
ac_cv_env_CPP_set=
ac_cv_env_CPP_value=
ac_cv_env_CXXFLAGS_set=
ac_cv_env_CXXFLAGS_value=
ac_cv_env_CXX_set=
ac_cv_env_CXX_value=
ac_cv_env_FCFLAGS_set=
ac_cv_env_FCFLAGS_value=
ac_cv_env_FC_set=
ac_cv_env_FC_value=
ac_cv_env_LDFLAGS_set=
ac_cv_env_LDFLAGS_value=
ac_cv_env_LIBS_set=
ac_cv_env_LIBS_value=
ac_cv_env_MPICC_set=
ac_cv_env_MPICC_value=
ac_cv_env_MPICXX_set=
ac_cv_env_MPICXX_value=
ac_cv_env_MPIFC_set=
ac_cv_env_MPIFC_value=
ac_cv_env_build_alias_set=
ac_cv_env_build_alias_value=
ac_cv_env_host_alias_set=
ac_cv_env_host_alias_value=
ac_cv_env_target_alias_set=
ac_cv_env_target_alias_value=
ac_cv_fc_compiler_gnu=yes
ac_cv_func_MPI_Init=yes
ac_cv_func_bzero=yes
ac_cv_func_malloc_0_nonnull=yes
ac_cv_func_memset=yes
ac_cv_header_adm_h=no
ac_cv_header_cpufreq_h=no
ac_cv_header_inttypes_h=yes
ac_cv_header_memory_h=yes
ac_cv_header_stdbool_h=yes
ac_cv_header_stdc=yes
ac_cv_header_stdint_h=yes
ac_cv_header_stdlib_h=yes
ac_cv_header_string_h=yes
ac_cv_header_strings_h=yes
ac_cv_header_sys_stat_h=yes
ac_cv_header_sys_types_h=yes
ac_cv_header_unistd_h=yes
ac_cv_objext=o
ac_cv_path_EGREP='/bin/grep -E'
ac_cv_path_GREP=/bin/grep
ac_cv_prog_CPP='gcc -E'
ac_cv_prog_MPICC=mpicc
ac_cv_prog_MPICXX=mpic++
ac_cv_prog_MPIFC=mpif90
ac_cv_prog_ac_ct_CC=gcc
ac_cv_prog_ac_ct_CXX=g++
ac_cv_prog_ac_ct_FC=gfortran
ac_cv_prog_cc_c89=
ac_cv_prog_cc_g=yes
ac_cv_prog_cxx_g=yes
ac_cv_prog_fc_g=yes
ac_cv_type__Bool=yes
ac_cv_type_size_t=yes
ax_cv_cxx_unordered_map=yes

## ----------------- ##
## Output variables. ##
## ----------------- ##

ADAMANT_HEADER_FLAGS=''
ADAMANT_LIBS_BUILD='no'
CC='gcc'
CFLAGS='-g -O2'
CPP='gcc -E'
CPPFLAGS=''
CPUFREQ_FLAGS=''
CXX='g++'
CXXFLAGS='-g -O2 -std=gnu++0x -DHAVE_UNORDERED_MAP'
DEFS='-DPACKAGE_NAME=\"FULL-PACKAGE-NAME\" -DPACKAGE_TARNAME=\"full-package-name\" -DPACKAGE_VERSION=\"VERSION\" -DPACKAGE_STRING=\"FULL-PACKAGE-NAME\ VERSION\" -DPACKAGE_BUGREPORT=\"BUG-REPORT-ADDRESS\" -DPACKAGE_URL=\"\" -DHAVE_MPI=1 -DHAVE_MPI=1 -DHAVE_MPI=1 -DHAVE_STDCXX_0X=/\*\*/ -DHAVE_UNORDERED_MAP=/\*\*/ -DHAVE_STDCXX_0X=/\*\*/ -DHAVE_UNORDERED_MAP=/\*\*/ -DSTDC_HEADERS=1 -DHAVE_SYS_TYPES_H=1 -DHAVE_SYS_STAT_H=1 -DHAVE_STDLIB_H=1 -DHAVE_STRING_H=1 -DHAVE_MEMORY_H=1 -DHAVE_STRINGS_H=1 -DHAVE_INTTYPES_H=1 -DHAVE_STDINT_H=1 -DHAVE_UNISTD_H=1 -DHAVE_STDINT_H=1 -DHAVE_STDLIB_H=1 -DHAVE_STRING_H=1 -DHAVE_STRINGS_H=1 -DHAVE_UNISTD_H=1 -DHAVE__BOOL=1 -DHAVE_STDBOOL_H=1 -DHAVE_STDLIB_H=1 -DHAVE_MALLOC=1 -DHAVE_BZERO=1 -DHAVE_MEMSET=1'
ECHO_C=''
ECHO_N='-n'
ECHO_T=''
EGREP='/bin/grep -E'
EXEEXT=''
FC='mpif90'
FCFLAGS='-g -O2'
GREP='/bin/grep'
LDFLAGS=''
LIBOBJS=''
LIBS=''
LTLIBOBJS=''
MPICC='mpicc'
MPICXX='mpic++'
MPIFC='mpif90'
MPILIBS=' '
MPI_CXXFLAGS='-std=gnu++0x -DHAVE_UNORDERED_MAP'
MPI_FLAGS='-DHAVE_MPI'
OBJEXT='o'
PACKAGE_BUGREPORT='BUG-REPORT-ADDRESS'
PACKAGE_NAME='FULL-PACKAGE-NAME'
PACKAGE_STRING='FULL-PACKAGE-NAME VERSION'
PACKAGE_TARNAME='full-package-name'
PACKAGE_URL=''
PACKAGE_VERSION='VERSION'
PATH_SEPARATOR=':'
PEBIL_CXX_BINDINGS='yes'
PEBIL_MIC_LIBS_BUILD='no'
PEBIL_STATIC_BUILD='no'
SHELL='/bin/bash'
THROTTLER_FLAGS=''
ac_ct_CC='gcc'
ac_ct_CXX='g++'
ac_ct_FC='gfortran'
bindir='${exec_prefix}/bin'
build_alias=''
datadir='${datarootdir}'
datarootdir='${prefix}/share'
docdir='${datarootdir}/doc/${PACKAGE_TARNAME}'
dvidir='${docdir}'
exec_prefix='${prefix}'
host_alias=''
htmldir='${docdir}'
includedir='${prefix}/include'
infodir='${datarootdir}/info'
libdir='${exec_prefix}/lib'
libexecdir='${exec_prefix}/libexec'
localedir='${datarootdir}/locale'
localstatedir='${prefix}/var'
mandir='${datarootdir}/man'
oldincludedir='/usr/include'
pdfdir='${docdir}'
prefix='/usr/local'
program_transform_name='s,x,x,'
psdir='${docdir}'
sbindir='${exec_prefix}/sbin'
sharedstatedir='${prefix}/com'
subdirs=' external/udis86-1.7 external/ReuseDistance external/ReuseDistanceForMIC'
sysconfdir='${prefix}/etc'
target_alias=''

## ----------- ##
## confdefs.h. ##
## ----------- ##

/* confdefs.h */
#define PACKAGE_NAME "FULL-PACKAGE-NAME"
#define PACKAGE_TARNAME "full-package-name"
#define PACKAGE_VERSION "VERSION"
#define PACKAGE_STRING "FULL-PACKAGE-NAME VERSION"
#define PACKAGE_BUGREPORT "BUG-REPORT-ADDRESS"
#define PACKAGE_URL ""
#define HAVE_MPI 1
#define HAVE_MPI 1
#define HAVE_MPI 1
#define HAVE_STDCXX_0X /**/
#define HAVE_UNORDERED_MAP /**/
#define HAVE_STDCXX_0X /**/
#define HAVE_UNORDERED_MAP /**/
#define STDC_HEADERS 1
#define HAVE_SYS_TYPES_H 1
#define HAVE_SYS_STAT_H 1
#define HAVE_STDLIB_H 1
#define HAVE_STRING_H 1
#define HAVE_MEMORY_H 1
#define HAVE_STRINGS_H 1
#define HAVE_INTTYPES_H 1
#define HAVE_STDINT_H 1
#define HAVE_UNISTD_H 1
#define HAVE_STDINT_H 1
#define HAVE_STDLIB_H 1
#define HAVE_STRING_H 1
#define HAVE_STRINGS_H 1
#define HAVE_UNISTD_H 1
#define HAVE__BOOL 1
#define HAVE_STDBOOL_H 1
#define HAVE_STDLIB_H 1
#define HAVE_MALLOC 1
#define HAVE_BZERO 1
#define HAVE_MEMSET 1

configure: exit 0
